<?xml version="1.0" encoding="UTF-8"?>
<!-- Generated by org.testng.reporters.JUnitReportReporter -->
<testsuite hostname="DESKTOP-U41UGA8" failures="0" tests="2" name="testNGStudy.TestNgEg2" time="58.441" errors="0" timestamp="2022-06-22T22:06:30 IST" skipped="0">
  <testcase classname="testNGStudy.TestNgEg2" name="myMethod2" time="22.084"/>
  <system-out/>
  <testcase classname="testNGStudy.TestNgEg2" name="myMethod1" time="36.357"/>
  <system-out/>
</testsuite> <!-- testNGStudy.TestNgEg2 -->
