<?xml version="1.0" encoding="UTF-8"?>
<!-- Generated by org.testng.reporters.JUnitReportReporter -->
<testsuite hostname="DESKTOP-U41UGA8" failures="0" tests="1" name="verificationUsingTestNG.AssertEqualsUSe" time="0.019" errors="0" timestamp="2022-06-28T16:47:42 IST" skipped="0">
  <testcase classname="verificationUsingTestNG.AssertEqualsUSe" name="myMethod" time="0.019"/>
  <system-out>
    <![CDATA[a and b values are not matched TC is passed]]>
  </system-out>
</testsuite> <!-- verificationUsingTestNG.AssertEqualsUSe -->
