<?xml version="1.0" encoding="UTF-8"?>
<!-- Generated by org.testng.reporters.JUnitReportReporter -->
<testsuite hostname="DESKTOP-U41UGA8" failures="0" tests="3" name="testNGgrouping.GroupingTestClass2" time="0.013" errors="0" timestamp="2022-07-18T07:54:45 IST" skipped="0">
  <testcase classname="testNGgrouping.GroupingTestClass2" name="p" time="0.010"/>
  <system-out>
    <![CDATA[p is running ]]>
  </system-out>
  <testcase classname="testNGgrouping.GroupingTestClass2" name="q" time="0.001"/>
  <system-out>
    <![CDATA[q is running,regression ]]>
  </system-out>
  <testcase classname="testNGgrouping.GroupingTestClass2" name="s" time="0.002"/>
  <system-out>
    <![CDATA[s is running,regression ]]>
  </system-out>
</testsuite> <!-- testNGgrouping.GroupingTestClass2 -->
