<?xml version="1.0" encoding="UTF-8"?>
<!-- Generated by org.testng.reporters.JUnitReportReporter -->
<testsuite hostname="DESKTOP-U41UGA8" failures="0" tests="1" name="testNGparallelAndSeriesExecution.SeriesExecution" time="69.389" errors="0" timestamp="2022-07-18T19:09:02 IST" skipped="0">
  <testcase classname="testNGparallelAndSeriesExecution.SeriesExecution" name="MyMethod1" time="69.389"/>
  <system-out/>
</testsuite> <!-- testNGparallelAndSeriesExecution.SeriesExecution -->
