<?xml version="1.0" encoding="UTF-8"?>
<!-- Generated by org.testng.reporters.JUnitReportReporter -->
<testsuite hostname="DESKTOP-U41UGA8" failures="0" tests="1" name="verificationUsingTestNG.MultipleVerification" time="0.020" errors="0" timestamp="2022-07-18T18:33:37 IST" skipped="0">
  <testcase classname="verificationUsingTestNG.MultipleVerification" name="myMethod" time="0.020"/>
  <system-out/>
</testsuite> <!-- verificationUsingTestNG.MultipleVerification -->
