<?xml version="1.0" encoding="UTF-8"?>
<!-- Generated by org.testng.reporters.JUnitReportReporter -->
<testsuite hostname="DESKTOP-U41UGA8" failures="0" tests="1" name="verificationUsingTestNG.SampleSoftAssert" time="0.029" errors="0" timestamp="2022-07-19T17:32:39 IST" skipped="0">
  <testcase classname="verificationUsingTestNG.SampleSoftAssert" name="f" time="0.029"/>
  <system-out/>
</testsuite> <!-- verificationUsingTestNG.SampleSoftAssert -->
