<?xml version="1.0" encoding="UTF-8"?>
<!-- Generated by org.testng.reporters.JUnitReportReporter -->
<testsuite hostname="DESKTOP-U41UGA8" failures="0" tests="1" name="includeExclude.MyTestClass" time="0.003" errors="0" timestamp="2022-07-18T07:47:55 IST" skipped="0">
  <testcase classname="includeExclude.MyTestClass" name="v" time="0.003"/>
  <system-out>
    <![CDATA[v is running]]>
  </system-out>
</testsuite> <!-- includeExclude.MyTestClass -->
