<?xml version="1.0" encoding="UTF-8"?>
<!-- Generated by org.testng.reporters.JUnitReportReporter -->
<testsuite hostname="DESKTOP-U41UGA8" failures="0" tests="1" name="testNGparallelAndSeriesExecution.ParallelExecution" time="33.232" errors="0" timestamp="2022-06-25T09:27:17 IST" skipped="0">
  <testcase classname="testNGparallelAndSeriesExecution.ParallelExecution" name="MyMethod2" time="33.232"/>
  <system-out/>
</testsuite> <!-- testNGparallelAndSeriesExecution.ParallelExecution -->
