<?xml version="1.0" encoding="UTF-8"?>
<!-- Generated by org.testng.reporters.JUnitReportReporter -->
<testsuite hostname="DESKTOP-U41UGA8" failures="0" tests="3" name="testNGKeyWords.InvocationCountUse" time="0.013" errors="0" timestamp="2022-06-24T09:10:35 IST" skipped="0">
  <testcase classname="testNGKeyWords.InvocationCountUse" name="myTest" time="0.006"/>
  <system-out>
    <![CDATA[Hello]]>
  </system-out>
  <testcase classname="testNGKeyWords.InvocationCountUse" name="myTest" time="0.004"/>
  <system-out>
    <![CDATA[Hello]]>
  </system-out>
  <testcase classname="testNGKeyWords.InvocationCountUse" name="myTest" time="0.003"/>
  <system-out>
    <![CDATA[Hello]]>
  </system-out>
</testsuite> <!-- testNGKeyWords.InvocationCountUse -->
