<?xml version="1.0" encoding="UTF-8"?>
<!-- Generated by org.testng.reporters.JUnitReportReporter -->
<testsuite hostname="DESKTOP-U41UGA8" failures="0" tests="1" name="kitePOMUsingTestNG.ValidateKiteAppUSerName" time="7.524" errors="0" timestamp="2022-07-03T21:20:53 IST" skipped="0">
  <testcase classname="kitePOMUsingTestNG.ValidateKiteAppUSerName" name="validateUserName" time="7.524"/>
  <system-out>
    <![CDATA[VAlidating USer Name
Actual and EXpected UN are matching TC passed]]>
  </system-out>
</testsuite> <!-- kitePOMUsingTestNG.ValidateKiteAppUSerName -->
