<?xml version="1.0" encoding="UTF-8"?>
<!-- Generated by org.testng.reporters.JUnitReportReporter -->
<testsuite hostname="DESKTOP-U41UGA8" failures="0" tests="1" name="verificationUsingTestNG.AssertTrueUse" time="0.017" errors="0" timestamp="2022-06-28T16:53:44 IST" skipped="0">
  <testcase classname="verificationUsingTestNG.AssertTrueUse" name="myMethod" time="0.017"/>
  <system-out>
    <![CDATA[TC is passed value is false]]>
  </system-out>
</testsuite> <!-- verificationUsingTestNG.AssertTrueUse -->
