<?xml version="1.0" encoding="UTF-8"?>
<!-- Generated by org.testng.reporters.JUnitReportReporter -->
<testsuite hostname="DESKTOP-U41UGA8" failures="0" tests="1" name="testNGStudy.TestNgEg1" time="15.898" errors="0" timestamp="2022-06-21T14:31:58 IST" skipped="0">
  <testcase classname="testNGStudy.TestNgEg1" name="kiteLogin" time="15.898"/>
  <system-out>
    <![CDATA[Kite Zerodha
Kite Zerodha]]>
  </system-out>
</testsuite> <!-- testNGStudy.TestNgEg1 -->
