<?xml version="1.0" encoding="UTF-8"?>
<!-- Generated by org.testng.reporters.JUnitReportReporter -->
<testsuite hostname="DESKTOP-U41UGA8" failures="0" tests="2" name="includeExclude.MyTestClass2" time="0.013" errors="0" timestamp="2022-07-18T07:47:55 IST" skipped="0">
  <testcase classname="includeExclude.MyTestClass2" name="z" time="0.002"/>
  <system-out>
    <![CDATA[z is running]]>
  </system-out>
  <testcase classname="includeExclude.MyTestClass2" name="x" time="0.011"/>
  <system-out>
    <![CDATA[x is running]]>
  </system-out>
</testsuite> <!-- includeExclude.MyTestClass2 -->
