<?xml version="1.0" encoding="UTF-8"?>
<!-- Generated by org.testng.reporters.JUnitReportReporter -->
<testsuite hostname="DESKTOP-U41UGA8" failures="0" tests="4" name="testNGgrouping.GroupingTestClass1" time="0.023" errors="0" timestamp="2022-06-24T22:22:31 IST" skipped="0">
  <testcase classname="testNGgrouping.GroupingTestClass1" name="b" time="0.002"/>
  <system-out>
    <![CDATA[b is running,regression ]]>
  </system-out>
  <testcase classname="testNGgrouping.GroupingTestClass1" name="d" time="0.001"/>
  <system-out>
    <![CDATA[d is running,regression ]]>
  </system-out>
  <testcase classname="testNGgrouping.GroupingTestClass1" name="a" time="0.017"/>
  <system-out>
    <![CDATA[a is running ]]>
  </system-out>
  <testcase classname="testNGgrouping.GroupingTestClass1" name="c" time="0.003"/>
  <system-out>
    <![CDATA[c is running,sanity ]]>
  </system-out>
</testsuite> <!-- testNGgrouping.GroupingTestClass1 -->
