<?xml version="1.0" encoding="UTF-8"?>
<!-- Generated by org.testng.reporters.JUnitReportReporter -->
<testsuite hostname="DESKTOP-U41UGA8" failures="0" tests="1" name="testNGStudy.AnnotationStudy" time="0.007" errors="0" timestamp="2022-06-23T08:58:17 IST" skipped="0">
  <testcase classname="testNGStudy.AnnotationStudy" name="validateUserID" time="0.007"/>
  <system-out>
    <![CDATA[User ID VAlidated]]>
  </system-out>
</testsuite> <!-- testNGStudy.AnnotationStudy -->
