<?xml version="1.0" encoding="UTF-8"?>
<!-- Generated by org.testng.reporters.JUnitReportReporter -->
<testsuite hostname="DESKTOP-U41UGA8" failures="0" tests="3" name="testNGgrouping.GroupingTestClass1" time="0.008" errors="0" timestamp="2022-07-18T07:54:45 IST" skipped="0">
  <testcase classname="testNGgrouping.GroupingTestClass1" name="b" time="0.003"/>
  <system-out>
    <![CDATA[b is running,regression ]]>
  </system-out>
  <testcase classname="testNGgrouping.GroupingTestClass1" name="d" time="0.003"/>
  <system-out>
    <![CDATA[d is running,regression ]]>
  </system-out>
  <testcase classname="testNGgrouping.GroupingTestClass1" name="a" time="0.002"/>
  <system-out>
    <![CDATA[a is running ]]>
  </system-out>
</testsuite> <!-- testNGgrouping.GroupingTestClass1 -->
