<?xml version="1.0" encoding="UTF-8"?>
<!-- Generated by org.testng.reporters.JUnitReportReporter -->
<testsuite hostname="DESKTOP-U41UGA8" failures="0" tests="1" name="verificationUsingTestNG.AssertNullUse" time="0.018" errors="0" timestamp="2022-07-18T18:43:28 IST" skipped="0">
  <testcase classname="verificationUsingTestNG.AssertNullUse" name="myMethod" time="0.018"/>
  <system-out>
    <![CDATA[TC is passed value is null]]>
  </system-out>
</testsuite> <!-- verificationUsingTestNG.AssertNullUse -->
