<?xml version="1.0" encoding="UTF-8"?>
<!-- Generated by org.testng.reporters.JUnitReportReporter -->
<testsuite hostname="DESKTOP-U41UGA8" failures="0" tests="3" name="includeExclude.MyTestClass" time="0.027" errors="0" timestamp="2022-06-23T17:45:22 IST" skipped="0">
  <testcase classname="includeExclude.MyTestClass" name="d" time="0.004"/>
  <system-out>
    <![CDATA[d is running]]>
  </system-out>
  <testcase classname="includeExclude.MyTestClass" name="a" time="0.020"/>
  <system-out>
    <![CDATA[a is running]]>
  </system-out>
  <testcase classname="includeExclude.MyTestClass" name="v" time="0.003"/>
  <system-out>
    <![CDATA[v is running]]>
  </system-out>
</testsuite> <!-- includeExclude.MyTestClass -->
