<?xml version="1.0" encoding="UTF-8"?>
<!-- Generated by org.testng.reporters.JUnitReportReporter -->
<testsuite hostname="DESKTOP-U41UGA8" failures="0" tests="3" name="testNGKeyWords.EnabledUse" time="0.015" errors="0" timestamp="2022-06-26T11:30:13 IST" skipped="1">
  <testcase classname="testNGKeyWords.EnabledUse" name="d" time="0.014"/>
  <system-out>
    <![CDATA[d is running]]>
  </system-out>
  <testcase classname="testNGKeyWords.EnabledUse" name="v" time="0.001"/>
  <system-out>
    <![CDATA[v is running]]>
  </system-out>
  <testcase classname="testNGKeyWords.EnabledUse" name="a">
    <skipped/>
  </testcase> <!-- a -->
  <system-out/>
</testsuite> <!-- testNGKeyWords.EnabledUse -->
