<?xml version="1.0" encoding="UTF-8"?>
<!-- Generated by org.testng.reporters.JUnitReportReporter -->
<testsuite hostname="DESKTOP-U41UGA8" failures="0" tests="3" name="testNGKeyWords.PriorityUse" time="0.007" errors="0" timestamp="2022-06-24T09:10:35 IST" skipped="0">
  <testcase classname="testNGKeyWords.PriorityUse" name="d" time="0.004"/>
  <system-out>
    <![CDATA[d is running]]>
  </system-out>
  <testcase classname="testNGKeyWords.PriorityUse" name="a" time="0.001"/>
  <system-out>
    <![CDATA[a is running]]>
  </system-out>
  <testcase classname="testNGKeyWords.PriorityUse" name="v" time="0.002"/>
  <system-out>
    <![CDATA[v is running]]>
  </system-out>
</testsuite> <!-- testNGKeyWords.PriorityUse -->
