<?xml version="1.0" encoding="UTF-8"?>
<!-- Generated by org.testng.reporters.JUnitReportReporter -->
<testsuite hostname="DESKTOP-U41UGA8" failures="0" tests="3" name="testNGKeyWords.TimeOutUse" time="0.944" errors="0" timestamp="2022-06-26T11:33:36 IST" skipped="0">
  <testcase classname="testNGKeyWords.TimeOutUse" name="v" time="0.004"/>
  <system-out>
    <![CDATA[v is running]]>
  </system-out>
  <testcase classname="testNGKeyWords.TimeOutUse" name="a" time="0.018"/>
  <system-out>
    <![CDATA[a is running]]>
  </system-out>
  <testcase classname="testNGKeyWords.TimeOutUse" name="d" time="0.922"/>
  <system-out>
    <![CDATA[d is running]]>
  </system-out>
</testsuite> <!-- testNGKeyWords.TimeOutUse -->
