<?xml version="1.0" encoding="UTF-8"?>
<!-- Generated by org.testng.reporters.JUnitReportReporter -->
<testsuite hostname="DESKTOP-U41UGA8" failures="0" tests="2" name="crossBrowsertest.CrossBrowserTesting" time="162.184" errors="0" timestamp="2022-06-30T20:37:49 IST" skipped="0">
  <testcase classname="crossBrowsertest.CrossBrowserTesting" name="myMethod" time="44.939"/>
  <system-out/>
  <testcase classname="crossBrowsertest.CrossBrowserTesting" name="myMethod" time="117.245"/>
  <system-out/>
</testsuite> <!-- crossBrowsertest.CrossBrowserTesting -->
