<?xml version="1.0" encoding="UTF-8"?>
<!-- Generated by org.testng.reporters.JUnitReportReporter -->
<testsuite hostname="DESKTOP-U41UGA8" failures="0" tests="1" name="fireFoxUse.myMethod" time="98.596" errors="0" timestamp="2022-06-29T17:16:06 IST" skipped="0">
  <testcase classname="fireFoxUse.myMethod" name="myMethod1" time="98.596"/>
  <system-out/>
</testsuite> <!-- fireFoxUse.myMethod -->
